This is pdfTeX, Version 3.141592653-2.6-1.40.27 (TeX Live 2025) (preloaded format=pdflatex 2026.1.14)  27 MAR 2026 15:39
entering extended mode
 restricted \write18 enabled.
 file:line:error style messages enabled.
 %&-line parsing enabled.
**/Users/yixin.sun/Documents/Educational/jakarta_pm_public/notes/resubmission.tex
(/Users/yixin.sun/Documents/Educational/jakarta_pm_public/notes/resubmission.tex
LaTeX2e <2024-11-01> patch level 2
L3 programming layer <2025-01-18>

! LaTeX Error: File `pnas-new.cls' not found.

Type X to quit or <RETURN> to proceed,
or enter new name. (Default extension: cls)

Enter file name: 
/Users/yixin.sun/Documents/Educational/jakarta_pm_public/notes/resubmission.tex:3: Emergency stop.
<read *> 
         
l.3 ^^M
       
*** (cannot \read from terminal in nonstop modes)

 
Here is how much of TeX's memory you used:
 20 strings out of 474662
 631 string characters out of 5751109
 388133 words of memory out of 5000000
 23159 multiletter control sequences out of 15000+600000
 558837 words of font info for 36 fonts, out of 8000000 for 9000
 319 hyphenation exceptions out of 8191
 19i,0n,29p,158b,17s stack positions out of 10000i,1000n,20000p,200000b,200000s
/Users/yixin.sun/Documents/Educational/jakarta_pm_public/notes/resubmission.tex:3:  ==> Fatal error occurred, no output PDF file produced!
